0 info it worked if it ends with ok
1 verbose cli [ '/usr/local/bin/node',
1 verbose cli   '/usr/local/bin/npm',
1 verbose cli   'install',
1 verbose cli   'ut8',
1 verbose cli   '--save' ]
2 info using npm@1.4.28
3 info using node@v0.13.0-pre
4 verbose readDependencies using package.json deps
5 verbose cache add [ 'ut8', null ]
6 verbose cache add name=undefined spec="ut8" args=["ut8",null]
7 verbose parsed url { protocol: null,
7 verbose parsed url   slashes: null,
7 verbose parsed url   auth: null,
7 verbose parsed url   host: null,
7 verbose parsed url   port: null,
7 verbose parsed url   hostname: null,
7 verbose parsed url   hash: null,
7 verbose parsed url   search: null,
7 verbose parsed url   query: null,
7 verbose parsed url   pathname: 'ut8',
7 verbose parsed url   path: 'ut8',
7 verbose parsed url   href: 'ut8' }
8 silly lockFile ac53801d-ut8 ut8
9 verbose lock ut8 /home/rohan/.npm/ac53801d-ut8.lock
10 silly lockFile ac53801d-ut8 ut8
11 silly lockFile ac53801d-ut8 ut8
12 verbose addNamed [ 'ut8', '' ]
13 verbose addNamed [ null, '*' ]
14 silly lockFile 390651d1-ut8 ut8@
15 verbose lock ut8@ /home/rohan/.npm/390651d1-ut8.lock
16 silly addNameRange { name: 'ut8', range: '*', hasData: false }
17 verbose request where is /ut8
18 verbose request registry http://registry.npmjs.org/
19 verbose request id c8d9d5153acdad27
20 verbose url raw /ut8
21 verbose url resolving [ 'http://registry.npmjs.org/', './ut8' ]
22 verbose url resolved http://registry.npmjs.org/ut8
23 verbose request where is http://registry.npmjs.org/ut8
24 info trying registry request attempt 1 at 16:12:09
25 http GET http://registry.npmjs.org/ut8
26 http 404 http://registry.npmjs.org/ut8
27 verbose headers { server: 'CouchDB/1.5.0 (Erlang OTP/R16B03)',
27 verbose headers   'content-type': 'application/json',
27 verbose headers   'cache-control': 'max-age=0',
27 verbose headers   'content-length': '52',
27 verbose headers   'accept-ranges': 'bytes',
27 verbose headers   date: 'Sun, 01 Feb 2015 21:12:09 GMT',
27 verbose headers   via: '1.1 varnish',
27 verbose headers   age: '0',
27 verbose headers   connection: 'close',
27 verbose headers   'x-served-by': 'cache-iad2133-IAD',
27 verbose headers   'x-cache': 'MISS',
27 verbose headers   'x-cache-hits': '0',
27 verbose headers   'x-timer': 'S1422825129.266895,VS0,VE84' }
28 silly registry.get cb [ 404,
28 silly registry.get   { server: 'CouchDB/1.5.0 (Erlang OTP/R16B03)',
28 silly registry.get     'content-type': 'application/json',
28 silly registry.get     'cache-control': 'max-age=0',
28 silly registry.get     'content-length': '52',
28 silly registry.get     'accept-ranges': 'bytes',
28 silly registry.get     date: 'Sun, 01 Feb 2015 21:12:09 GMT',
28 silly registry.get     via: '1.1 varnish',
28 silly registry.get     age: '0',
28 silly registry.get     connection: 'close',
28 silly registry.get     'x-served-by': 'cache-iad2133-IAD',
28 silly registry.get     'x-cache': 'MISS',
28 silly registry.get     'x-cache-hits': '0',
28 silly registry.get     'x-timer': 'S1422825129.266895,VS0,VE84' } ]
29 silly lockFile 390651d1-ut8 ut8@
30 silly lockFile 390651d1-ut8 ut8@
31 error 404 404 Not Found: ut8
31 error 404
31 error 404 'ut8' is not in the npm registry.
31 error 404 You should bug the author to publish it
31 error 404 It was specified as a dependency of 'assgn1'
31 error 404
31 error 404 Note that you can also install from a
31 error 404 tarball, folder, or http url, or git url.
32 error System Linux 3.13.0-32-generic
33 error command "/usr/local/bin/node" "/usr/local/bin/npm" "install" "ut8" "--save"
34 error cwd /home/rohan/adv_algos/assgn1
35 error node -v v0.13.0-pre
36 error npm -v 1.4.28
37 error code E404
38 verbose exit [ 1, true ]
